<?xml version="1.0" encoding="UTF-8"?>
<!-- Generated by org.testng.reporters.JUnitReportReporter -->
<testsuite hostname="Pavanis-MBP.lan" failures="0" tests="1" name="com.api.RATestCases.AppTest" time="0.003" errors="0" timestamp="2022-06-26T14:38:47 PDT" skipped="0">
  <testcase classname="com.api.RATestCases.AppTest" name="testApp" time="0.003"/>
  <system-out/>
</testsuite> <!-- com.api.RATestCases.AppTest -->
