<?xml version="1.0" encoding="UTF-8"?>
<!-- Generated by org.testng.reporters.JUnitReportReporter -->
<testsuite hostname="Pavanis-MBP.lan" failures="0" tests="1" name="com.api.reqres.test.TestGetAPI" time="2.473" errors="0" timestamp="2022-06-26T14:48:52 PDT" skipped="0">
  <testcase classname="com.api.reqres.test.TestGetAPI" name="getAPi" time="2.473"/>
  <system-out/>
</testsuite> <!-- com.api.reqres.test.TestGetAPI -->
